<?xml version="1.0"?>
<testsuites>
 <testsuite name="egg37_script" package="crenerIssues.suite" timestamp="2019-03-14 15:04:49.304 +0530"
 tests="1"  failures="1" errors="0" time="1.438000">
  <properties>
   <property name="RunDate" value="2019-03-14 15:04:49.304 +0530"/>
   <property name="Status" value="Failure"/>
  </properties>
  <testcase name="egg37.script" assertions="1" status="failure"  time="1.43">
    <failure type="FAILURE" message="STUnknownMessage ERROR: No Such Function: 'o' -- Execution Time 0:00:01 egg37.script" />
  </testcase>
 </testsuite>
</testsuites>
